<?xml version="1.0" encoding="UTF-8"?>
<testsuite xmlns:xsi="http://www.w3.org/2001/XMLSchema-instance" xsi:noNamespaceSchemaLocation="https://maven.apache.org/surefire/maven-surefire-plugin/xsd/surefire-test-report-3.0.xsd" version="3.0" name="com.example.filecontrol.FilecontrolApplicationTests" time="1.781" tests="1" errors="0" skipped="0" failures="0">
  <properties>
[...]
</properties>
  <testcase name="contextLoads" classname="com.example.filecontrol.FilecontrolApplicationTests" time="0.572">
    <system-out><![CDATA[17:35:08.120 [main] INFO org.springframework.test.context.support.AnnotationConfigContextLoaderUtils -- Could not detect default configuration classes for test class [com.example.filecontrol.FilecontrolApplicationTests]: FilecontrolApplicationTests does not declare any static, non-private, non-final, nested classes annotated with @Configuration.
17:35:08.189 [main] INFO org.springframework.boot.test.context.SpringBootTestContextBootstrapper -- Found @SpringBootConfiguration com.example.filecontrol.FilecontrolApplication for test class com.example.filecontrol.FilecontrolApplicationTests
17:35:08.286 [main] INFO org.springframework.boot.devtools.restart.RestartApplicationListener -- Restart disabled due to context in which it is running

  .   ____          _            __ _ _
 /\\ / ___'_ __ _ _(_)_ __  __ _ \ \ \ \
( ( )\___ | '_ | '_| | '_ \/ _` | \ \ \ \
 \\/  ___)| |_)| | | | | || (_| |  ) ) ) )
  '  |____| .__|_| |_|_| |_\__, | / / / /
 =========|_|==============|___/=/_/_/_/

 :: Spring Boot ::                (v3.3.4)

2024-10-23T17:35:08.448+08:00  INFO 26228 --- [filecontrol] [           main] c.e.f.FilecontrolApplicationTests        : Starting FilecontrolApplicationTests using Java 23 with PID 26228 (started by 27378 in C:\Users\27378\IdeaProjects\filecontrol)
2024-10-23T17:35:08.449+08:00  INFO 26228 --- [filecontrol] [           main] c.e.f.FilecontrolApplicationTests        : No active profile set, falling back to 1 default profile: "default"
2024-10-23T17:35:08.895+08:00  WARN 26228 --- [filecontrol] [           main] trationDelegate$BeanPostProcessorChecker : Bean 'org.springframework.ws.config.annotation.DelegatingWsConfiguration' of type [org.springframework.ws.config.annotation.DelegatingWsConfiguration$$SpringCGLIB$$0] is not eligible for getting processed by all BeanPostProcessors (for example: not eligible for auto-proxying). The currently created BeanPostProcessor [annotationActionEndpointMapping] is declared through a non-static factory method on that class; consider declaring it as static instead.
2024-10-23T17:35:08.908+08:00  INFO 26228 --- [filecontrol] [           main] .w.s.a.s.AnnotationActionEndpointMapping : Supporting [WS-Addressing August 2004, WS-Addressing 1.0]
2024-10-23T17:35:09.217+08:00  INFO 26228 --- [filecontrol] [           main] c.e.f.FilecontrolApplicationTests        : Started FilecontrolApplicationTests in 0.942 seconds (process running for 1.53)
]]></system-out>
    <system-err><![CDATA[WARNING: A Java agent has been loaded dynamically (C:\Users\27378\.m2\repository\net\bytebuddy\byte-buddy-agent\1.14.19\byte-buddy-agent-1.14.19.jar)
WARNING: If a serviceability tool is in use, please run with -XX:+EnableDynamicAgentLoading to hide this warning
WARNING: If a serviceability tool is not in use, please run with -Djdk.instrument.traceUsage for more information
WARNING: Dynamic loading of agents will be disallowed by default in a future release
]]></system-err>
  </testcase>
</testsuite>